Determining if the pthread_create exist failed with the following output:
Change Dir: /home/dawei/catkin-ws/build/CMakeFiles/CMakeTmp

Run Build Command:/usr/bin/make "cmTryCompileExec869584871/fast"
/usr/bin/make -f CMakeFiles/cmTryCompileExec869584871.dir/build.make CMakeFiles/cmTryCompileExec869584871.dir/build
make[1]: Entering directory `/home/dawei/catkin-ws/build/CMakeFiles/CMakeTmp'
/usr/bin/cmake -E cmake_progress_report /home/dawei/catkin-ws/build/CMakeFiles/CMakeTmp/CMakeFiles 1
Building C object CMakeFiles/cmTryCompileExec869584871.dir/CheckSymbolExists.c.o
/usr/bin/cc    -o CMakeFiles/cmTryCompileExec869584871.dir/CheckSymbolExists.c.o   -c /home/dawei/catkin-ws/build/CMakeFiles/CMakeTmp/CheckSymbolExists.c
Linking C executable cmTryCompileExec869584871
/usr/bin/cmake -E cmake_link_script CMakeFiles/cmTryCompileExec869584871.dir/link.txt --verbose=1
/usr/bin/cc       CMakeFiles/cmTryCompileExec869584871.dir/CheckSymbolExists.c.o  -o cmTryCompileExec869584871 -rdynamic 
CMakeFiles/cmTryCompileExec869584871.dir/CheckSymbolExists.c.o: In function `main':
CheckSymbolExists.c:(.text+0x16): undefined reference to `pthread_create'
collect2: error: ld returned 1 exit status
make[1]: *** [cmTryCompileExec869584871] Error 1
make[1]: Leaving directory `/home/dawei/catkin-ws/build/CMakeFiles/CMakeTmp'
make: *** [cmTryCompileExec869584871/fast] Error 2

File /home/dawei/catkin-ws/build/CMakeFiles/CMakeTmp/CheckSymbolExists.c:
/* */
#include <pthread.h>

int main(int argc, char** argv)
{
  (void)argv;
#ifndef pthread_create
  return ((int*)(&pthread_create))[argc];
#else
  (void)argc;
  return 0;
#endif
}

Determining if the function pthread_create exists in the pthreads failed with the following output:
Change Dir: /home/dawei/catkin-ws/build/CMakeFiles/CMakeTmp

Run Build Command:/usr/bin/make "cmTryCompileExec4054689241/fast"
/usr/bin/make -f CMakeFiles/cmTryCompileExec4054689241.dir/build.make CMakeFiles/cmTryCompileExec4054689241.dir/build
make[1]: Entering directory `/home/dawei/catkin-ws/build/CMakeFiles/CMakeTmp'
/usr/bin/cmake -E cmake_progress_report /home/dawei/catkin-ws/build/CMakeFiles/CMakeTmp/CMakeFiles 1
Building C object CMakeFiles/cmTryCompileExec4054689241.dir/CheckFunctionExists.c.o
/usr/bin/cc   -DCHECK_FUNCTION_EXISTS=pthread_create   -o CMakeFiles/cmTryCompileExec4054689241.dir/CheckFunctionExists.c.o   -c /usr/share/cmake-2.8/Modules/CheckFunctionExists.c
Linking C executable cmTryCompileExec4054689241
/usr/bin/cmake -E cmake_link_script CMakeFiles/cmTryCompileExec4054689241.dir/link.txt --verbose=1
/usr/bin/cc   -DCHECK_FUNCTION_EXISTS=pthread_create    CMakeFiles/cmTryCompileExec4054689241.dir/CheckFunctionExists.c.o  -o cmTryCompileExec4054689241 -rdynamic -lpthreads 
/usr/bin/ld: cannot find -lpthreads
collect2: error: ld returned 1 exit status
make[1]: *** [cmTryCompileExec4054689241] Error 1
make[1]: Leaving directory `/home/dawei/catkin-ws/build/CMakeFiles/CMakeTmp'
make: *** [cmTryCompileExec4054689241/fast] Error 2


