Determining if the pthread_create exist failed with the following output:
Change Dir: /home/yuhan/catkin_ws/src/evolutus_filter/build/CMakeFiles/CMakeTmp

Run Build Command:/usr/bin/make "cmTryCompileExec957837487/fast"
/usr/bin/make -f CMakeFiles/cmTryCompileExec957837487.dir/build.make CMakeFiles/cmTryCompileExec957837487.dir/build
make[1]: Entering directory `/home/yuhan/catkin_ws/src/evolutus_filter/build/CMakeFiles/CMakeTmp'
/usr/bin/cmake -E cmake_progress_report /home/yuhan/catkin_ws/src/evolutus_filter/build/CMakeFiles/CMakeTmp/CMakeFiles 1
Building C object CMakeFiles/cmTryCompileExec957837487.dir/CheckSymbolExists.c.o
/usr/bin/cc    -o CMakeFiles/cmTryCompileExec957837487.dir/CheckSymbolExists.c.o   -c /home/yuhan/catkin_ws/src/evolutus_filter/build/CMakeFiles/CMakeTmp/CheckSymbolExists.c
Linking C executable cmTryCompileExec957837487
/usr/bin/cmake -E cmake_link_script CMakeFiles/cmTryCompileExec957837487.dir/link.txt --verbose=1
/usr/bin/cc       CMakeFiles/cmTryCompileExec957837487.dir/CheckSymbolExists.c.o  -o cmTryCompileExec957837487 -rdynamic 
CMakeFiles/cmTryCompileExec957837487.dir/CheckSymbolExists.c.o: In function `main':
CheckSymbolExists.c:(.text+0x16): undefined reference to `pthread_create'
make[1]: Leaving directory `/home/yuhan/catkin_ws/src/evolutus_filter/build/CMakeFiles/CMakeTmp'
collect2: error: ld returned 1 exit status
make[1]: *** [cmTryCompileExec957837487] Error 1
make: *** [cmTryCompileExec957837487/fast] Error 2

File /home/yuhan/catkin_ws/src/evolutus_filter/build/CMakeFiles/CMakeTmp/CheckSymbolExists.c:
/* */
#include <pthread.h>

int main(int argc, char** argv)
{
  (void)argv;
#ifndef pthread_create
  return ((int*)(&pthread_create))[argc];
#else
  (void)argc;
  return 0;
#endif
}

Determining if the function pthread_create exists in the pthreads failed with the following output:
Change Dir: /home/yuhan/catkin_ws/src/evolutus_filter/build/CMakeFiles/CMakeTmp

Run Build Command:/usr/bin/make "cmTryCompileExec4252787246/fast"
/usr/bin/make -f CMakeFiles/cmTryCompileExec4252787246.dir/build.make CMakeFiles/cmTryCompileExec4252787246.dir/build
make[1]: Entering directory `/home/yuhan/catkin_ws/src/evolutus_filter/build/CMakeFiles/CMakeTmp'
/usr/bin/cmake -E cmake_progress_report /home/yuhan/catkin_ws/src/evolutus_filter/build/CMakeFiles/CMakeTmp/CMakeFiles 1
Building C object CMakeFiles/cmTryCompileExec4252787246.dir/CheckFunctionExists.c.o
/usr/bin/cc   -DCHECK_FUNCTION_EXISTS=pthread_create   -o CMakeFiles/cmTryCompileExec4252787246.dir/CheckFunctionExists.c.o   -c /usr/share/cmake-2.8/Modules/CheckFunctionExists.c
Linking C executable cmTryCompileExec4252787246
/usr/bin/cmake -E cmake_link_script CMakeFiles/cmTryCompileExec4252787246.dir/link.txt --verbose=1
/usr/bin/cc   -DCHECK_FUNCTION_EXISTS=pthread_create    CMakeFiles/cmTryCompileExec4252787246.dir/CheckFunctionExists.c.o  -o cmTryCompileExec4252787246 -rdynamic -lpthreads 
/usr/bin/ld: cannot find -lpthreads
collect2: error: ld returned 1 exit status
make[1]: Leaving directory `/home/yuhan/catkin_ws/src/evolutus_filter/build/CMakeFiles/CMakeTmp'
make[1]: *** [cmTryCompileExec4252787246] Error 1
make: *** [cmTryCompileExec4252787246/fast] Error 2


